2021-11-03 23:20:49:106 INFO  KServer:22 - Starting KServer 1.0 ...
2021-11-03 23:20:49:118 INFO  KServer:28 - KServer Started at port 1381
2021-11-03 23:22:48:544 DEBUG Driver:32 - 31.359999999999996
2021-11-03 23:22:48:545 DEBUG Driver:32 - 33.64
2021-11-03 23:22:48:545 DEBUG Driver:32 - 3.156662596794279
2021-11-03 23:22:48:546 DEBUG Driver:32 - 237.78714794341496
2021-11-03 23:22:48:547 DEBUG Driver:32 - 92.16
2021-11-03 23:22:48:547 DEBUG Driver:32 - 4.41
2021-11-03 23:22:48:548 DEBUG Driver:32 - 0.25
2021-11-03 23:22:48:548 DEBUG Driver:32 - 39.07939634577279
2021-11-03 23:22:48:549 DEBUG Driver:32 - 11.559999999999999
2021-11-03 23:22:48:549 DEBUG Driver:32 - 66.47610054805999
2021-11-03 23:22:56:833 DEBUG Driver:32 - 102.07034531221501
2021-11-03 23:22:56:833 DEBUG Driver:32 - 232.35219265286
2021-11-03 23:22:56:833 DEBUG Driver:32 - 88.36000000000001
2021-11-03 23:22:56:834 DEBUG Driver:32 - 0.12566370614000003
2021-11-03 23:22:56:834 DEBUG Driver:32 - 3.641636822913564
2021-11-03 23:22:56:834 DEBUG Driver:32 - 16.645008260736912
2021-11-03 23:22:56:835 DEBUG Driver:32 - 301.7185584421401
2021-11-03 23:22:56:835 DEBUG Driver:32 - 0.10825317547305482
2021-11-03 23:22:56:835 DEBUG Driver:32 - 0.15588457268119893
2021-11-03 23:22:56:836 DEBUG Driver:32 - 0.8487048957087497
2021-11-03 23:22:58:804 DEBUG Driver:32 - 67.24
2021-11-03 23:22:58:804 DEBUG Driver:32 - 66.47610054805999
2021-11-03 23:22:58:805 DEBUG Driver:32 - 47.783624259735
2021-11-03 23:22:58:805 DEBUG Driver:32 - 3.641636822913564
2021-11-03 23:22:58:805 DEBUG Driver:32 - 260.155287636335
2021-11-03 23:22:58:806 DEBUG Driver:32 - 36.31681107446
2021-11-03 23:22:58:806 DEBUG Driver:32 - 29.160000000000004
2021-11-03 23:22:58:806 DEBUG Driver:32 - 42.25
2021-11-03 23:22:58:807 DEBUG Driver:32 - 22.090000000000003
2021-11-03 23:22:58:807 DEBUG Driver:32 - 141.02609421561502
2021-11-03 23:23:01:881 DEBUG Driver:32 - 271.71634860121503
2021-11-03 23:23:01:881 DEBUG Driver:32 - 3.394819582834999
2021-11-03 23:23:01:882 DEBUG Driver:32 - 6.157521600859999
2021-11-03 23:23:01:882 DEBUG Driver:32 - 30.190705400135002
2021-11-03 23:23:01:882 DEBUG Driver:32 - 2.7063293868263703
2021-11-03 23:23:01:883 DEBUG Driver:32 - 13.579278331339996
2021-11-03 23:23:01:883 DEBUG Driver:32 - 22.902210444015004
2021-11-03 23:23:01:883 DEBUG Driver:32 - 1.1085125168440815
2021-11-03 23:23:01:884 DEBUG Driver:32 - 5.611844616523163
2021-11-03 23:23:01:884 DEBUG Driver:32 - 2.29063719300984
2021-11-03 23:45:17:217 FATAL Client:28 - java.net.ConnectException: Connection refused (Connection refused)
2021-11-03 23:46:51:478 FATAL Client:28 - java.net.ConnectException: Connection refused (Connection refused)
2021-11-03 23:49:04:390 INFO  KServer:22 - Starting KServer 1.0 ...
2021-11-03 23:49:04:396 INFO  KServer:28 - KServer Started at port 1381
2021-11-04 00:00:00:907 INFO  KServer:22 - Starting KServer 1.0 ...
2021-11-04 00:00:00:912 INFO  KServer:28 - KServer Started at port 1381
2021-11-04 00:01:28:672 INFO  KServer:22 - Starting KServer 1.0 ...
2021-11-04 00:01:28:677 INFO  KServer:28 - KServer Started at port 1381
2021-11-04 00:02:17:298 INFO  KServer:22 - Starting KServer 1.0 ...
2021-11-04 00:02:17:303 INFO  KServer:28 - KServer Started at port 1381
2021-11-04 00:08:40:655 INFO  KServer:22 - Starting KServer 1.0 ...
2021-11-04 00:08:40:660 INFO  KServer:28 - KServer Started at port 1381
2021-11-04 00:11:50:479 FATAL Client:28 - java.net.ConnectException: Connection refused (Connection refused)
2021-11-04 00:22:14:913 FATAL Client:28 - java.net.ConnectException: Connection refused (Connection refused)
2021-11-04 00:23:16:712 INFO  KServer:22 - Starting KServer 1.0 ...
2021-11-04 00:23:16:717 INFO  KServer:28 - KServer Started at port 1381
2021-11-04 00:25:21:320 INFO  KServer:22 - Starting KServer 1.0 ...
2021-11-04 00:25:21:326 INFO  KServer:28 - KServer Started at port 1381
2021-11-04 00:41:49:778 INFO  KServer:22 - Starting KServer 1.0 ...
2021-11-04 00:41:49:783 INFO  KServer:28 - KServer Started at port 1381
2021-11-04 00:43:41:577 INFO  KServer:22 - Starting KServer 1.0 ...
2021-11-04 00:43:41:582 INFO  KServer:28 - KServer Started at port 1381
2021-11-04 00:48:07:871 INFO  KServer:22 - Starting KServer 1.0
2021-11-04 00:48:07:876 INFO  KServer:28 - KServer Started at port 1381
2021-11-04 00:48:36:698 INFO  KServer:22 - Starting KServer 1.0
2021-11-04 00:48:36:703 INFO  KServer:28 - KServer Started at port 1381
2021-11-04 00:48:52:334 INFO  KServer:22 - Starting KServer 1.0
2021-11-04 00:48:52:339 INFO  KServer:28 - KServer Started at port 1381
2021-11-04 00:51:20:570 INFO  KServer:22 - Starting KServer 1.0
2021-11-04 00:51:20:575 INFO  KServer:28 - KServer Started at port 1381
2021-11-04 00:53:29:077 INFO  KServer:22 - Starting KServer 1.0
2021-11-04 00:53:29:081 INFO  KServer:28 - KServer Started at port 1381
2021-11-04 00:54:03:351 INFO  KServer:22 - Starting KServer 1.0
2021-11-04 00:54:03:356 INFO  KServer:28 - KServer Started at port 1381
2021-11-04 00:57:23:382 INFO  KServer:22 - Starting KServer 1.0
2021-11-04 00:57:23:387 INFO  KServer:28 - KServer Started at port 1381
2021-11-04 00:58:05:655 INFO  KServer:22 - Starting KServer 1.0
2021-11-04 00:58:05:660 INFO  KServer:28 - KServer Started at port 1381
2021-11-04 00:59:22:193 INFO  KServer:22 - Starting KServer 1.0
2021-11-04 00:59:22:198 INFO  KServer:28 - KServer Started at port 1381
2021-11-04 08:45:03:638 INFO  KServer:22 - Starting KServer 1.0
2021-11-04 08:45:03:648 INFO  KServer:28 - KServer Started at port 1381
2021-11-04 08:47:04:219 INFO  KServer:32 - Shutting Down kServer.
2021-11-04 08:47:04:221 DEBUG Driver:51 - ...END...
2021-11-04 08:47:29:800 INFO  KServer:22 - Starting KServer 1.0
2021-11-04 08:47:29:804 INFO  KServer:28 - KServer Started at port 1381
2021-11-04 08:47:53:249 INFO  KServer:32 - Shutting Down kServer.
2021-11-04 08:47:53:251 DEBUG Driver:51 - ...END...
2021-11-04 08:59:19:118 INFO  KServer:22 - Starting KServer 1.0
2021-11-04 08:59:19:123 INFO  KServer:28 - KServer Started at port 1381
2021-11-04 09:02:27:630 INFO  KServer:22 - Starting KServer 1.0
2021-11-04 09:02:27:634 INFO  KServer:28 - KServer Started at port 1381
2021-11-04 09:03:02:085 INFO  KServer:32 - Shutting Down kServer.
2021-11-04 09:03:02:086 DEBUG Driver:51 - ...END...
2021-11-08 16:51:54:169 INFO  KServer:22 - Starting KServer 1.0
2021-11-08 16:51:54:180 INFO  KServer:28 - KServer Started at port 1381
2021-11-08 16:52:25:677 INFO  KServer:22 - Starting KServer 1.0
2021-11-08 16:52:25:685 INFO  KServer:28 - KServer Started at port 1381
2021-11-10 13:48:29:272 INFO  KServer:22 - Starting KServer 1.0
2021-11-10 13:48:29:290 INFO  KServer:28 - KServer Started at port 1381
2021-11-10 13:49:16:769 INFO  KServer:22 - Starting KServer 1.0
2021-11-10 13:49:16:776 INFO  KServer:28 - KServer Started at port 1381
2021-11-10 13:49:32:503 INFO  KServer:32 - Shutting Down kServer.
2021-11-10 13:49:32:510 DEBUG Driver:51 - ...END...
2021-11-10 13:49:40:768 INFO  KServer:22 - Starting KServer 1.0
2021-11-10 13:49:40:775 INFO  KServer:28 - KServer Started at port 1381
2021-11-10 13:50:06:496 INFO  KServer:32 - Shutting Down kServer.
2021-11-10 13:50:06:498 DEBUG Driver:51 - ...END...
2021-11-11 18:26:52:744 INFO  KServer:22 - Starting KServer 1.0
2021-11-11 18:26:52:760 INFO  KServer:28 - KServer Started at port 1381
2021-11-11 18:29:26:633 INFO  KServer:32 - Shutting Down kServer.
2021-11-11 18:29:26:634 DEBUG Driver:51 - ...END...
2021-11-11 19:14:15:153 INFO  KServer:22 - Starting KServer 1.0
2021-11-11 19:14:15:161 INFO  KServer:28 - KServer Started at port 1381
2021-11-11 19:14:50:723 INFO  KServer:32 - Shutting Down kServer.
2021-11-11 19:14:50:725 DEBUG Driver:51 - ...END...
