2021-11-03 21:20:19:300 INFO  KServer:14 - Starting KServer 1.0 ...
2021-11-03 21:20:19:304 FATAL Driver:40 - java.net.BindException: Permission denied (Bind failed)
2021-11-03 21:22:26:908 INFO  KServer:14 - Starting KServer 1.0 ...
2021-11-03 21:22:26:911 FATAL Driver:40 - java.net.BindException: Permission denied (Bind failed)
2021-11-03 21:22:50:028 INFO  KServer:14 - Starting KServer 1.0 ...
2021-11-03 21:22:50:031 FATAL Driver:40 - java.net.BindException: Permission denied (Bind failed)
2021-11-03 21:25:47:688 INFO  KServer:17 - Starting KServer 1.0 ...
2021-11-03 21:25:47:691 FATAL KServer:22 - java.net.BindException: Permission denied (Bind failed)
2021-11-03 21:27:23:360 INFO  KServer:17 - Starting KServer 1.0 ...
2021-11-03 21:27:23:362 INFO  KServer:24 - KServer Started at port 1381
2021-11-03 21:27:32:364 INFO  KServer:17 - Starting KServer 1.0 ...
2021-11-03 21:27:32:366 INFO  KServer:24 - KServer Started at port 1381
2021-11-03 21:51:21:281 INFO  KServer:23 - Starting KServer 1.0 ...
2021-11-03 21:51:21:283 INFO  KServer:29 - KServer Started at port 1381
2021-11-03 21:53:52:007 INFO  KServer:23 - Starting KServer 1.0 ...
2021-11-03 21:53:52:010 INFO  KServer:29 - KServer Started at port 1381
2021-11-03 21:54:07:159 INFO  KServer:23 - Starting KServer 1.0 ...
2021-11-03 21:54:07:161 INFO  KServer:29 - KServer Started at port 1381
2021-11-03 21:56:19:991 INFO  KServer:23 - Starting KServer 1.0 ...
2021-11-03 21:56:19:993 INFO  KServer:29 - KServer Started at port 1381
2021-11-03 22:17:46:526 INFO  KServer:23 - Starting KServer 1.0 ...
2021-11-03 22:17:46:534 INFO  KServer:29 - KServer Started at port 1381
2021-11-03 22:18:27:519 INFO  KServer:23 - Starting KServer 1.0 ...
2021-11-03 22:18:27:527 INFO  KServer:29 - KServer Started at port 1381
2021-11-03 22:18:42:025 INFO  KServer:23 - Starting KServer 1.0 ...
2021-11-03 22:18:42:036 INFO  KServer:29 - KServer Started at port 1381
2021-11-03 22:19:31:146 INFO  KServer:23 - Starting KServer 1.0 ...
2021-11-03 22:19:31:156 INFO  KServer:29 - KServer Started at port 1381
2021-11-03 22:22:36:146 INFO  KServer:22 - Starting KServer 1.0 ...
2021-11-03 22:22:36:149 INFO  KServer:28 - KServer Started at port 1381
2021-11-03 22:25:57:999 INFO  KServer:22 - Starting KServer 1.0 ...
2021-11-03 22:25:58:002 INFO  KServer:28 - KServer Started at port 1381
2021-11-03 22:26:08:262 INFO  KServer:22 - Starting KServer 1.0 ...
2021-11-03 22:26:08:270 INFO  KServer:28 - KServer Started at port 1381
2021-11-03 22:41:56:190 INFO  KServer:22 - Starting KServer 1.0 ...
2021-11-03 22:41:56:193 INFO  KServer:28 - KServer Started at port 1381
2021-11-03 22:42:10:681 INFO  KServer:22 - Starting KServer 1.0 ...
2021-11-03 22:42:10:681 FATAL KServer:26 - java.net.BindException: Address already in use (Bind failed)
2021-11-03 22:42:10:682 INFO  KServer:28 - KServer Started at port 1381
2021-11-03 22:42:49:825 INFO  KServer:22 - Starting KServer 1.0 ...
2021-11-03 22:42:49:825 FATAL KServer:26 - java.net.BindException: Address already in use (Bind failed)
2021-11-03 22:42:49:826 INFO  KServer:28 - KServer Started at port 1381
2021-11-03 22:43:25:912 INFO  KServer:22 - Starting KServer 1.0 ...
2021-11-03 22:43:25:915 INFO  KServer:28 - KServer Started at port 1381
2021-11-03 22:43:33:091 INFO  KServer:22 - Starting KServer 1.0 ...
2021-11-03 22:43:33:092 FATAL KServer:26 - java.net.BindException: Address already in use (Bind failed)
2021-11-03 22:43:33:092 INFO  KServer:28 - KServer Started at port 1381
2021-11-03 22:48:09:368 FATAL Client:16 - java.net.ConnectException: Connection refused (Connection refused)
2021-11-03 22:48:42:792 INFO  KServer:22 - Starting KServer 1.0 ...
2021-11-03 22:48:42:803 INFO  KServer:28 - KServer Started at port 1381
2021-11-03 22:49:07:376 INFO  KServer:22 - Starting KServer 1.0 ...
2021-11-03 22:49:07:384 INFO  KServer:28 - KServer Started at port 1381
2021-11-03 22:50:30:061 FATAL Client:16 - java.net.ConnectException: Connection refused (Connection refused)
2021-11-03 22:51:18:303 INFO  KServer:22 - Starting KServer 1.0 ...
2021-11-03 22:51:18:305 FATAL KServer:26 - java.net.BindException: Address already in use (Bind failed)
2021-11-03 22:51:18:307 INFO  KServer:28 - KServer Started at port 1381
2021-11-03 22:52:40:235 INFO  KServer:22 - Starting KServer 1.0 ...
2021-11-03 22:52:40:237 FATAL KServer:26 - java.net.BindException: Address already in use (Bind failed)
2021-11-03 22:52:40:238 INFO  KServer:28 - KServer Started at port 1381
2021-11-03 22:53:24:702 INFO  KServer:22 - Starting KServer 1.0 ...
2021-11-03 22:53:24:704 FATAL KServer:26 - java.net.BindException: Address already in use (Bind failed)
2021-11-03 22:53:24:706 INFO  KServer:28 - KServer Started at port 1381
2021-11-03 22:54:44:169 INFO  KServer:22 - Starting KServer 1.0 ...
2021-11-03 22:54:44:172 INFO  KServer:28 - KServer Started at port 1381
2021-11-03 22:56:02:049 INFO  KServer:22 - Starting KServer 1.0 ...
2021-11-03 22:56:02:050 FATAL KServer:26 - java.net.BindException: Address already in use (Bind failed)
2021-11-03 22:56:02:050 INFO  KServer:28 - KServer Started at port 1381
2021-11-03 23:00:06:649 FATAL Client:16 - java.net.ConnectException: Connection refused (Connection refused)
2021-11-03 23:00:25:341 INFO  KServer:22 - Starting KServer 1.0 ...
2021-11-03 23:00:25:344 INFO  KServer:28 - KServer Started at port 1381
2021-11-03 23:00:37:167 INFO  KServer:22 - Starting KServer 1.0 ...
2021-11-03 23:00:37:169 INFO  KServer:28 - KServer Started at port 1381
2021-11-03 23:01:06:213 INFO  KServer:22 - Starting KServer 1.0 ...
2021-11-03 23:01:06:214 FATAL KServer:26 - java.net.BindException: Address already in use (Bind failed)
2021-11-03 23:01:06:215 INFO  KServer:28 - KServer Started at port 1381
2021-11-03 23:03:12:422 FATAL Client:16 - java.net.ConnectException: Connection refused (Connection refused)
2021-11-03 23:03:17:150 INFO  KServer:22 - Starting KServer 1.0 ...
2021-11-03 23:03:17:152 INFO  KServer:28 - KServer Started at port 1381
2021-11-03 23:12:23:159 INFO  KServer:22 - Starting KServer 1.0 ...
2021-11-03 23:12:23:162 INFO  KServer:28 - KServer Started at port 1381
2021-11-03 23:12:42:597 FATAL Client:16 - java.net.ConnectException: Connection refused (Connection refused)
2021-11-03 23:13:06:122 INFO  KServer:22 - Starting KServer 1.0 ...
2021-11-03 23:13:06:124 INFO  KServer:28 - KServer Started at port 1381
2021-11-03 23:14:54:755 INFO  KServer:22 - Starting KServer 1.0 ...
2021-11-03 23:14:54:758 INFO  KServer:28 - KServer Started at port 1381
2021-11-03 23:15:26:027 INFO  KServer:22 - Starting KServer 1.0 ...
2021-11-03 23:15:26:037 INFO  KServer:28 - KServer Started at port 1381
2021-11-03 23:16:22:093 INFO  KServer:22 - Starting KServer 1.0 ...
2021-11-03 23:16:22:096 INFO  KServer:28 - KServer Started at port 1381
2021-11-03 23:16:27:181 DEBUG Driver:32 - 6.586123195780655
2021-11-03 23:16:27:181 DEBUG Driver:32 - 34.29893611688269
2021-11-03 23:16:27:182 DEBUG Driver:32 - 216.42431789961503
2021-11-03 23:16:27:182 DEBUG Driver:32 - 21.237166337660003
2021-11-03 23:16:27:182 DEBUG Driver:32 - 116.898662636735
2021-11-03 23:16:27:183 DEBUG Driver:32 - 34.81
2021-11-03 23:16:27:183 DEBUG Driver:32 - 43.301270189221924
2021-11-03 23:16:27:183 DEBUG Driver:32 - 162.86016315744
2021-11-03 23:16:27:184 DEBUG Driver:32 - 9.0
2021-11-03 23:16:27:184 DEBUG Driver:32 - 28.409963371148503
2021-11-03 23:16:38:777 DEBUG Driver:32 - 77.44000000000001
2021-11-03 23:16:38:777 DEBUG Driver:32 - 9.976612651596731
2021-11-03 23:16:38:778 DEBUG Driver:32 - 4.715508323606268
2021-11-03 23:16:38:778 DEBUG Driver:32 - 16.645008260736912
2021-11-03 23:16:38:778 DEBUG Driver:32 - 181.45839166615997
2021-11-03 23:16:38:779 DEBUG Driver:32 - 1.4029611541307907
2021-11-03 23:16:38:779 DEBUG Driver:32 - 216.42431789961503
2021-11-03 23:16:38:780 DEBUG Driver:32 - 153.9380400215
2021-11-03 23:16:38:780 DEBUG Driver:32 - 60.839999999999996
2021-11-03 23:16:38:780 DEBUG Driver:32 - 39.69
2021-11-03 23:59:46:925 FATAL Client:28 - java.net.ConnectException: Connection refused (Connection refused)
2021-11-04 00:01:19:420 FATAL Client:28 - java.net.ConnectException: Connection refused (Connection refused)
2021-11-04 00:02:11:528 FATAL Client:28 - java.net.ConnectException: Connection refused (Connection refused)
2021-11-08 16:41:59:043 INFO  KServer:22 - Starting KServer 1.0
2021-11-08 16:41:59:046 INFO  KServer:28 - KServer Started at port 1381
2021-11-11 20:23:14:176 INFO  KServer:24 - Starting KServer 1.0
2021-11-11 20:23:14:184 FATAL KServer:28 - java.net.BindException: Address already in use (Bind failed)
2021-11-11 20:23:32:503 INFO  KServer:24 - Starting KServer 1.0
2021-11-11 20:23:32:510 INFO  KServer:30 - KServer Started at port 1381
